<?xml version="1.0" encoding="UTF-8"?>
<!-- Generated by org.testng.reporters.JUnitXMLReporter -->
<testsuite ignored="2" hostname="DESKTOP-E98D2QV" failures="0" tests="4" name="Test" time="13.412" errors="0" timestamp="2023-03-15T03:28:01 GMT">
  <testcase classname="com.poketo.testbase.TestBase" name="@BeforeClass setUp" time="9.435">
    <failure type="org.openqa.selenium.remote.http.ConnectionFailedException" message="Unable to establish websocket connection to http://localhost:56357/devtools/browser/7aad133a-c2e1-4d92-9816-2a7dd78a30cb
Build info: version: &amp;apos;4.7.1&amp;apos;, revision: &amp;apos;c6795baf1a3&amp;apos;
System info: os.name: &amp;apos;Windows 10&amp;apos;, os.arch: &amp;apos;amd64&amp;apos;, os.version: &amp;apos;10.0&amp;apos;, java.version: &amp;apos;17.0.6&amp;apos;
Driver info: driver.version: ChromeDriver">
      <![CDATA[org.openqa.selenium.remote.http.ConnectionFailedException: Unable to establish websocket connection to http://localhost:56357/devtools/browser/7aad133a-c2e1-4d92-9816-2a7dd78a30cb
Build info: version: '4.7.1', revision: 'c6795baf1a3'
System info: os.name: 'Windows 10', os.arch: 'amd64', os.version: '10.0', java.version: '17.0.6'
Driver info: driver.version: ChromeDriver
at org.openqa.selenium.remote.http.netty.NettyWebSocket.<init>(NettyWebSocket.java:102)
at org.openqa.selenium.remote.http.netty.NettyWebSocket.lambda$create$3(NettyWebSocket.java:128)
at org.openqa.selenium.remote.http.netty.NettyClient.openSocket(NettyClient.java:107)
at org.openqa.selenium.devtools.Connection.<init>(Connection.java:78)
at org.openqa.selenium.chromium.ChromiumDriver.lambda$new$2(ChromiumDriver.java:116)
at java.base/java.util.Optional.map(Optional.java:260)
at org.openqa.selenium.chromium.ChromiumDriver.<init>(ChromiumDriver.java:114)
at org.openqa.selenium.chrome.ChromeDriver.<init>(ChromeDriver.java:81)
at org.openqa.selenium.chrome.ChromeDriver.<init>(ChromeDriver.java:49)
at com.poketo.testbase.TestBase.setUp(TestBase.java:23)
at java.base/java.util.ArrayList.forEach(ArrayList.java:1511)
... Removed 25 stack frames]]>
    </failure>
  </testcase> <!-- @BeforeClass setUp -->
  <testcase classname="com.poketo.utills.ExtentReport" name="@AfterMethod getReport" time="-1.678850877898E9">
    <skipped/>
  </testcase> <!-- @AfterMethod getReport -->
  <testcase classname="com.poketo.utills.ExtentReport" name="@AfterMethod getReport" time="-1.678850877941E9">
    <skipped/>
  </testcase> <!-- @AfterMethod getReport -->
  <testcase classname="com.poketo.utills.ExtentReport" name="@AfterMethod getReport" time="-1.678850880669E9">
    <skipped/>
  </testcase> <!-- @AfterMethod getReport -->
  <testcase classname="com.poketo.utills.ExtentReport" name="@AfterMethod getReport" time="-1.678850880976E9">
    <skipped/>
  </testcase> <!-- @AfterMethod getReport -->
  <testcase classname="com.poketo.testbase.TestBase" name="@AfterClass tearDown" time="-1.678850880984E9">
    <skipped/>
  </testcase> <!-- @AfterClass tearDown -->
  <testcase classname="com.poketo.utills.ExtentReport" name="@AfterTest testEnd" time="-1.678850880998E9">
    <skipped/>
  </testcase> <!-- @AfterTest testEnd -->
  <testcase classname="com.poketo.testscripts.LoginModule" name="btnLoginClick" time="0.0">
    <skipped/>
  </testcase> <!-- btnLoginClick -->
  <testcase classname="com.poketo.testscripts.LoginModule" name="withoutEmailAndPassword" time="0.0">
    <skipped/>
  </testcase> <!-- withoutEmailAndPassword -->
  <testcase classname="com.poketo.testscripts.LoginModule" name="withoutEmailId" time="0.0">
    <skipped/>
  </testcase> <!-- withoutEmailId -->
  <testcase classname="com.poketo.testscripts.LoginModule" name="withoutPassword" time="0.0">
    <skipped/>
  </testcase> <!-- withoutPassword -->
  <testcase classname="com.poketo.utills.ExtentReport" name="@AfterTest testEnd" time="0.0">
    <ignored/>
  </testcase> <!-- @AfterTest testEnd -->
  <testcase classname="com.poketo.utills.ExtentReport" name="@AfterTest testEnd" time="0.0">
    <ignored/>
  </testcase> <!-- @AfterTest testEnd -->
</testsuite> <!-- Test -->
