<?xml version="1.0" encoding="UTF-8"?>
<!-- Generated by org.testng.reporters.JUnitXMLReporter -->
<testsuite ignored="2" hostname="DESKTOP-E98D2QV" failures="0" tests="3" name="Test" time="66.422" errors="0" timestamp="2023-02-10T05:27:16 GMT">
  <testcase classname="com.poketo.testbase.TestBase" name="@BeforeClass setUp" time="52.583">
    <failure type="org.openqa.selenium.TimeoutException" message="timeout: Timed out receiving message from renderer: 26.371
  (Session info: chrome=109.0.5414.120)
Build info: version: &amp;apos;4.7.1&amp;apos;, revision: &amp;apos;c6795baf1a3&amp;apos;
System info: os.name: &amp;apos;Windows 10&amp;apos;, os.arch: &amp;apos;amd64&amp;apos;, os.version: &amp;apos;10.0&amp;apos;, java.version: &amp;apos;17.0.6&amp;apos;
Driver info: org.openqa.selenium.chrome.ChromeDriver
Command: [bf804f0de07c09137b2ba39973bfefae, get {url=https://www.poketo.com/}]
Capabilities {acceptInsecureCerts: false, browserName: chrome, browserVersion: 109.0.5414.120, chrome: {chromedriverVersion: 109.0.5414.74 (e7c5703604da..., userDataDir: C:\Users\KATHIR~1\AppData\L...}, goog:chromeOptions: {debuggerAddress: localhost:63689}, networkConnectionEnabled: false, pageLoadStrategy: normal, platformName: WINDOWS, proxy: Proxy(), se:cdp: ws://localhost:63689/devtoo..., se:cdpVersion: 109.0.5414.120, setWindowRect: true, strictFileInteractability: false, timeouts: {implicit: 0, pageLoad: 300000, script: 30000}, unhandledPromptBehavior: dismiss and notify, webauthn:extension:credBlob: true, webauthn:extension:largeBlob: true, webauthn:virtualAuthenticators: true}
Session ID: bf804f0de07c09137b2ba39973bfefae">
      <![CDATA[org.openqa.selenium.TimeoutException: timeout: Timed out receiving message from renderer: 26.371
  (Session info: chrome=109.0.5414.120)
Build info: version: '4.7.1', revision: 'c6795baf1a3'
System info: os.name: 'Windows 10', os.arch: 'amd64', os.version: '10.0', java.version: '17.0.6'
Driver info: org.openqa.selenium.chrome.ChromeDriver
Command: [bf804f0de07c09137b2ba39973bfefae, get {url=https://www.poketo.com/}]
Capabilities {acceptInsecureCerts: false, browserName: chrome, browserVersion: 109.0.5414.120, chrome: {chromedriverVersion: 109.0.5414.74 (e7c5703604da..., userDataDir: C:\Users\KATHIR~1\AppData\L...}, goog:chromeOptions: {debuggerAddress: localhost:63689}, networkConnectionEnabled: false, pageLoadStrategy: normal, platformName: WINDOWS, proxy: Proxy(), se:cdp: ws://localhost:63689/devtoo..., se:cdpVersion: 109.0.5414.120, setWindowRect: true, strictFileInteractability: false, timeouts: {implicit: 0, pageLoad: 300000, script: 30000}, unhandledPromptBehavior: dismiss and notify, webauthn:extension:credBlob: true, webauthn:extension:largeBlob: true, webauthn:virtualAuthenticators: true}
Session ID: bf804f0de07c09137b2ba39973bfefae
at org.openqa.selenium.remote.codec.w3c.W3CHttpResponseCodec.createException(W3CHttpResponseCodec.java:200)
at org.openqa.selenium.remote.codec.w3c.W3CHttpResponseCodec.decode(W3CHttpResponseCodec.java:133)
at org.openqa.selenium.remote.codec.w3c.W3CHttpResponseCodec.decode(W3CHttpResponseCodec.java:53)
at org.openqa.selenium.remote.HttpCommandExecutor.execute(HttpCommandExecutor.java:184)
at org.openqa.selenium.remote.service.DriverCommandExecutor.invokeExecute(DriverCommandExecutor.java:167)
at org.openqa.selenium.remote.service.DriverCommandExecutor.execute(DriverCommandExecutor.java:142)
at org.openqa.selenium.remote.RemoteWebDriver.execute(RemoteWebDriver.java:551)
at org.openqa.selenium.remote.RemoteWebDriver.get(RemoteWebDriver.java:312)
at com.poketo.testbase.TestBase.setUp(TestBase.java:30)
at java.base/java.util.ArrayList.forEach(ArrayList.java:1511)
... Removed 34 stack frames]]>
    </failure>
  </testcase> <!-- @BeforeClass setUp -->
  <testcase classname="com.poketo.utills.ExtentReport" name="@AfterMethod getReport" time="0.0">
    <skipped/>
  </testcase> <!-- @AfterMethod getReport -->
  <testcase classname="com.poketo.utills.ExtentReport" name="@AfterMethod getReport" time="0.0">
    <skipped/>
  </testcase> <!-- @AfterMethod getReport -->
  <testcase classname="com.poketo.utills.ExtentReport" name="@AfterMethod getReport" time="0.0">
    <skipped/>
  </testcase> <!-- @AfterMethod getReport -->
  <testcase classname="com.poketo.testbase.TestBase" name="@AfterClass tearDown" time="0.0">
    <skipped/>
  </testcase> <!-- @AfterClass tearDown -->
  <testcase classname="com.poketo.utills.ExtentReport" name="@AfterTest testEnd" time="0.0">
    <skipped/>
  </testcase> <!-- @AfterTest testEnd -->
  <testcase classname="com.poketo.testscripts.LoginModule" name="login" time="0.0">
    <skipped/>
  </testcase> <!-- login -->
  <testcase classname="com.poketo.testscripts.LoginModule" name="login" time="0.0">
    <skipped/>
  </testcase> <!-- login -->
  <testcase classname="com.poketo.testscripts.LoginModule" name="btnLoginClick" time="0.0">
    <skipped/>
  </testcase> <!-- btnLoginClick -->
  <testcase classname="com.poketo.utills.ExtentReport" name="@AfterTest testEnd" time="0.0">
    <ignored/>
  </testcase> <!-- @AfterTest testEnd -->
  <testcase classname="com.poketo.utills.ExtentReport" name="@AfterTest testEnd" time="0.0">
    <ignored/>
  </testcase> <!-- @AfterTest testEnd -->
</testsuite> <!-- Test -->
